<?xml version="1.0" encoding="UTF-8"?>
<!-- Generated by org.testng.reporters.JUnitReportReporter -->
<testsuite hostname="Lokesh" failures="0" tests="1" name="feature_calander.Picker1" time="17.803" errors="0" timestamp="2024-09-25T01:04:55 IST" skipped="0">
  <testcase classname="feature_calander.Picker1" name="selectDateOfBirth" time="17.803"/>
</testsuite> <!-- feature_calander.Picker1 -->
